<?xml version="1.0" encoding="UTF-8"?>
<testng-results skipped="0" failed="0" ignored="0" total="1" passed="1">
  <reporter-output>
  </reporter-output>
  <suite name="Default suite" duration-ms="39172" started-at="2020-03-16T04:16:49Z" finished-at="2020-03-16T04:17:28Z">
    <groups>
    </groups>
    <test name="Default test" duration-ms="39172" started-at="2020-03-16T04:16:49Z" finished-at="2020-03-16T04:17:28Z">
      <class name="com.training.sanity.tests.TeacherRateSubmittedAssignmentTests">
        <test-method status="PASS" signature="setUpBeforeClass()[pri:0, instance:com.training.sanity.tests.TeacherRateSubmittedAssignmentTests@39aeed2f]" name="setUpBeforeClass" is-config="true" duration-ms="11" started-at="2020-03-16T09:46:49Z" finished-at="2020-03-16T09:46:49Z">
          <reporter-output>
          </reporter-output>
        </test-method> <!-- setUpBeforeClass -->
        <test-method status="PASS" signature="setUp()[pri:0, instance:com.training.sanity.tests.TeacherRateSubmittedAssignmentTests@39aeed2f]" name="setUp" is-config="true" duration-ms="12530" started-at="2020-03-16T09:46:49Z" finished-at="2020-03-16T09:47:02Z">
          <reporter-output>
          </reporter-output>
        </test-method> <!-- setUp -->
        <test-method status="PASS" signature="validateRatetheSubmittedAssignment()[pri:0, instance:com.training.sanity.tests.TeacherRateSubmittedAssignmentTests@39aeed2f]" name="validateRatetheSubmittedAssignment" duration-ms="23830" started-at="2020-03-16T09:47:02Z" finished-at="2020-03-16T09:47:25Z">
          <reporter-output>
          </reporter-output>
        </test-method> <!-- validateRatetheSubmittedAssignment -->
        <test-method status="PASS" signature="tearDown()[pri:0, instance:com.training.sanity.tests.TeacherRateSubmittedAssignmentTests@39aeed2f]" name="tearDown" is-config="true" duration-ms="2776" started-at="2020-03-16T09:47:25Z" finished-at="2020-03-16T09:47:28Z">
          <reporter-output>
          </reporter-output>
        </test-method> <!-- tearDown -->
      </class> <!-- com.training.sanity.tests.TeacherRateSubmittedAssignmentTests -->
    </test> <!-- Default test -->
  </suite> <!-- Default suite -->
</testng-results>
